# JRE version: OpenJDK Runtime Environment (8.0_212) (build 1.8.0_212-release-1586-b4-5784211)
# Java VM: OpenJDK 64-Bit Server VM (25.212-b4-5784211 mixed mode linux-amd64 compressed oops)
Heap:
 PSYoungGen      total 408064K, used 20474K [0x00000000e0000000, 0x00000000fdc00000, 0x0000000100000000)
  eden space 387584K, 0% used [0x00000000e0000000,0x00000000e0000000,0x00000000f7a80000)
  from space 20480K, 99% used [0x00000000fc800000,0x00000000fdbfe838,0x00000000fdc00000)
  to   space 44544K, 0% used [0x00000000f8500000,0x00000000f8500000,0x00000000fb080000)
 ParOldGen       total 140288K, used 117775K [0x00000000a0000000, 0x00000000a8900000, 0x00000000e0000000)
  object space 140288K, 83% used [0x00000000a0000000,0x00000000a7303c78,0x00000000a8900000)
 Metaspace       used 106010K, capacity 113344K, committed 113560K, reserved 1148928K
  class space    used 13571K, capacity 14891K, committed 15000K, reserved 1048576K
GC Heap History (10 events):
Event: 8919.548 GC heap after
Heap after GC invocations=59 (full 7):
 PSYoungGen      total 491008K, used 10695K [0x00000000e0000000, 0x00000000ffc80000, 0x0000000100000000)
  eden space 465408K, 0% used [0x00000000e0000000,0x00000000e0000000,0x00000000fc680000)
  from space 25600K, 41% used [0x00000000fe380000,0x00000000fedf1ea0,0x00000000ffc80000)
  to   space 27648K, 0% used [0x00000000fc680000,0x00000000fc680000,0x00000000fe180000)
 ParOldGen       total 140288K, used 75958K [0x00000000a0000000, 0x00000000a8900000, 0x00000000e0000000)
  object space 140288K, 54% used [0x00000000a0000000,0x00000000a4a2d848,0x00000000a8900000)
 Metaspace       used 103725K, capacity 109074K, committed 109336K, reserved 1144832K
  class space    used 13279K, capacity 14336K, committed 14360K, reserved 1048576K
}
Event: 9525.668 GC heap before
{Heap before GC invocations=60 (full 7):
 PSYoungGen      total 491008K, used 476103K [0x00000000e0000000, 0x00000000ffc80000, 0x0000000100000000)
  eden space 465408K, 100% used [0x00000000e0000000,0x00000000fc680000,0x00000000fc680000)
  from space 25600K, 41% used [0x00000000fe380000,0x00000000fedf1ea0,0x00000000ffc80000)
  to   space 27648K, 0% used [0x00000000fc680000,0x00000000fc680000,0x00000000fe180000)
 ParOldGen       total 140288K, used 75958K [0x00000000a0000000, 0x00000000a8900000, 0x00000000e0000000)
  object space 140288K, 54% used [0x00000000a0000000,0x00000000a4a2d848,0x00000000a8900000)
 Metaspace       used 104612K, capacity 110760K, committed 110872K, reserved 1144832K
  class space    used 13388K, capacity 14567K, committed 14616K, reserved 1048576K
Event: 9525.682 GC heap after
Heap after GC invocations=60 (full 7):
 PSYoungGen      total 456192K, used 11441K [0x00000000e0000000, 0x00000000fe600000, 0x0000000100000000)
  eden space 444416K, 0% used [0x00000000e0000000,0x00000000e0000000,0x00000000fb200000)
  from space 11776K, 97% used [0x00000000fc680000,0x00000000fd1ac4b8,0x00000000fd200000)
  to   space 20480K, 0% used [0x00000000fd200000,0x00000000fd200000,0x00000000fe600000)
 ParOldGen       total 140288K, used 76382K [0x00000000a0000000, 0x00000000a8900000, 0x00000000e0000000)
  object space 140288K, 54% used [0x00000000a0000000,0x00000000a4a97878,0x00000000a8900000)
 Metaspace       used 104612K, capacity 110760K, committed 110872K, reserved 1144832K
  class space    used 13388K, capacity 14567K, committed 14616K, reserved 1048576K
}
Event: 9716.694 GC heap before
{Heap before GC invocations=61 (full 7):
 PSYoungGen      total 456192K, used 455737K [0x00000000e0000000, 0x00000000fe600000, 0x0000000100000000)
  eden space 444416K, 99% used [0x00000000e0000000,0x00000000fb1e20a0,0x00000000fb200000)
  from space 11776K, 97% used [0x00000000fc680000,0x00000000fd1ac4b8,0x00000000fd200000)
  to   space 20480K, 0% used [0x00000000fd200000,0x00000000fd200000,0x00000000fe600000)
 ParOldGen       total 140288K, used 76382K [0x00000000a0000000, 0x00000000a8900000, 0x00000000e0000000)
  object space 140288K, 54% used [0x00000000a0000000,0x00000000a4a97878,0x00000000a8900000)
 Metaspace       used 104872K, capacity 110952K, committed 111128K, reserved 1146880K
  class space    used 13390K, capacity 14567K, committed 14616K, reserved 1048576K
Event: 9716.710 GC heap after
Heap after GC invocations=61 (full 7):
 PSYoungGen      total 440320K, used 15719K [0x00000000e0000000, 0x00000000fe180000, 0x0000000100000000)
  eden space 424448K, 0% used [0x00000000e0000000,0x00000000e0000000,0x00000000f9e80000)
  from space 15872K, 99% used [0x00000000fd200000,0x00000000fe159ed0,0x00000000fe180000)
  to   space 26112K, 0% used [0x00000000fae80000,0x00000000fae80000,0x00000000fc800000)
 ParOldGen       total 140288K, used 76390K [0x00000000a0000000, 0x00000000a8900000, 0x00000000e0000000)
  object space 140288K, 54% used [0x00000000a0000000,0x00000000a4a99878,0x00000000a8900000)
 Metaspace       used 104872K, capacity 110952K, committed 111128K, reserved 1146880K
  class space    used 13390K, capacity 14567K, committed 14616K, reserved 1048576K
}
Event: 9954.075 GC heap before
{Heap before GC invocations=62 (full 7):
 PSYoungGen      total 440320K, used 440167K [0x00000000e0000000, 0x00000000fe180000, 0x0000000100000000)
  eden space 424448K, 100% used [0x00000000e0000000,0x00000000f9e80000,0x00000000f9e80000)
  from space 15872K, 99% used [0x00000000fd200000,0x00000000fe159ed0,0x00000000fe180000)
  to   space 26112K, 0% used [0x00000000fae80000,0x00000000fae80000,0x00000000fc800000)
 ParOldGen       total 140288K, used 76390K [0x00000000a0000000, 0x00000000a8900000, 0x00000000e0000000)
  object space 140288K, 54% used [0x00000000a0000000,0x00000000a4a99878,0x00000000a8900000)
 Metaspace       used 105025K, capacity 111184K, committed 111384K, reserved 1146880K
  class space    used 13393K, capacity 14573K, committed 14616K, reserved 1048576K
Event: 9954.137 GC heap after
Heap after GC invocations=62 (full 7):
 PSYoungGen      total 431616K, used 26108K [0x00000000e0000000, 0x00000000fdc00000, 0x0000000100000000)
  eden space 405504K, 0% used [0x00000000e0000000,0x00000000e0000000,0x00000000f8c00000)
  from space 26112K, 99% used [0x00000000fae80000,0x00000000fc7ff018,0x00000000fc800000)
  to   space 20480K, 0% used [0x00000000fc800000,0x00000000fc800000,0x00000000fdc00000)
 ParOldGen       total 140288K, used 105798K [0x00000000a0000000, 0x00000000a8900000, 0x00000000e0000000)
  object space 140288K, 75% used [0x00000000a0000000,0x00000000a67518f8,0x00000000a8900000)
 Metaspace       used 105025K, capacity 111184K, committed 111384K, reserved 1146880K
  class space    used 13393K, capacity 14573K, committed 14616K, reserved 1048576K
}
Event: 16108.060 GC heap before
{Heap before GC invocations=63 (full 7):
 PSYoungGen      total 431616K, used 431612K [0x00000000e0000000, 0x00000000fdc00000, 0x0000000100000000)
  eden space 405504K, 100% used [0x00000000e0000000,0x00000000f8c00000,0x00000000f8c00000)
  from space 26112K, 99% used [0x00000000fae80000,0x00000000fc7ff018,0x00000000fc800000)
  to   space 20480K, 0% used [0x00000000fc800000,0x00000000fc800000,0x00000000fdc00000)
 ParOldGen       total 140288K, used 105798K [0x00000000a0000000, 0x00000000a8900000, 0x00000000e0000000)
  object space 140288K, 75% used [0x00000000a0000000,0x00000000a67518f8,0x00000000a8900000)
 Metaspace       used 106010K, capacity 113344K, committed 113560K, reserved 1148928K
  class space    used 13571K, capacity 14891K, committed 15000K, reserved 1048576K
Event: 16108.126 GC heap after
Heap after GC invocations=63 (full 7):
 PSYoungGen      total 408064K, used 20474K [0x00000000e0000000, 0x00000000fdc00000, 0x0000000100000000)
  eden space 387584K, 0% used [0x00000000e0000000,0x00000000e0000000,0x00000000f7a80000)
  from space 20480K, 99% used [0x00000000fc800000,0x00000000fdbfe838,0x00000000fdc00000)
  to   space 44544K, 0% used [0x00000000f8500000,0x00000000f8500000,0x00000000fb080000)
 ParOldGen       total 140288K, used 117775K [0x00000000a0000000, 0x00000000a8900000, 0x00000000e0000000)
  object space 140288K, 83% used [0x00000000a0000000,0x00000000a7303c78,0x00000000a8900000)
 Metaspace       used 106010K, capacity 113344K, committed 113560K, reserved 1148928K
  class space    used 13571K, capacity 14891K, committed 15000K, reserved 1048576K
}
Event: 16108.126 GC heap before
{Heap before GC invocations=64 (full 8):
 PSYoungGen      total 408064K, used 20474K [0x00000000e0000000, 0x00000000fdc00000, 0x0000000100000000)
  eden space 387584K, 0% used [0x00000000e0000000,0x00000000e0000000,0x00000000f7a80000)
  from space 20480K, 99% used [0x00000000fc800000,0x00000000fdbfe838,0x00000000fdc00000)
  to   space 44544K, 0% used [0x00000000f8500000,0x00000000f8500000,0x00000000fb080000)
 ParOldGen       total 140288K, used 117775K [0x00000000a0000000, 0x00000000a8900000, 0x00000000e0000000)
  object space 140288K, 83% used [0x00000000a0000000,0x00000000a7303c78,0x00000000a8900000)
 Metaspace       used 106010K, capacity 113344K, committed 113560K, reserved 1148928K
  class space    used 13571K, capacity 14891K, committed 15000K, reserved 1048576K

